2025-05-13 10:29:03,685 INFO: API startup [in /apicode/backend/rest_entry.py:42]
2025-05-13 10:29:03,686 INFO: current_app(): starting the database connection [in /apicode/backend/rest_entry.py:68]
2025-05-13 10:29:03,686 INFO: create_app(): registering blueprints with Flask app object. [in /apicode/backend/rest_entry.py:73]
2025-05-13 10:29:25,775 INFO: GET /prediction handler [in /apicode/backend/simple/simple_routes.py:77]
2025-05-13 10:29:25,786 ERROR: Error making prediction: 'Flask' object has no attribute 'info' [in /apicode/backend/simple/simple_routes.py:105]
2025-05-13 10:30:09,438 INFO: GET / handler [in /apicode/backend/simple/simple_routes.py:25]
2025-05-13 10:31:09,082 INFO: GET /playlist handler [in /apicode/backend/simple/simple_routes.py:37]
2025-05-13 10:31:27,277 INFO: GET /prediction handler [in /apicode/backend/simple/simple_routes.py:77]
2025-05-13 10:31:27,286 ERROR: Error making prediction: 'Flask' object has no attribute 'info' [in /apicode/backend/simple/simple_routes.py:105]
2025-05-13 10:31:51,960 INFO: API startup [in /apicode/backend/rest_entry.py:42]
2025-05-13 10:31:51,961 INFO: current_app(): starting the database connection [in /apicode/backend/rest_entry.py:68]
2025-05-13 10:31:51,961 INFO: create_app(): registering blueprints with Flask app object. [in /apicode/backend/rest_entry.py:73]
2025-05-13 10:31:53,661 INFO: GET /prediction handler [in /apicode/backend/simple/simple_routes.py:77]
2025-05-13 10:33:08,695 INFO: API startup [in /apicode/backend/rest_entry.py:42]
2025-05-13 10:33:08,695 INFO: current_app(): starting the database connection [in /apicode/backend/rest_entry.py:68]
2025-05-13 10:33:08,696 INFO: create_app(): registering blueprints with Flask app object. [in /apicode/backend/rest_entry.py:73]
2025-05-13 10:33:08,812 INFO: API startup [in /apicode/backend/rest_entry.py:42]
2025-05-13 10:33:08,812 INFO: current_app(): starting the database connection [in /apicode/backend/rest_entry.py:68]
2025-05-13 10:33:08,813 INFO: create_app(): registering blueprints with Flask app object. [in /apicode/backend/rest_entry.py:73]
2025-05-13 10:33:20,956 INFO: GET /playlist handler [in /apicode/backend/simple/simple_routes.py:37]
2025-05-13 10:33:34,849 INFO: GET /prediction handler [in /apicode/backend/simple/simple_routes.py:77]
2025-05-13 10:34:01,713 INFO: GET /playlist handler [in /apicode/backend/simple/simple_routes.py:37]
2025-05-13 10:34:24,198 INFO: GET /data handler [in /apicode/backend/simple/simple_routes.py:65]
2025-05-13 10:34:57,333 INFO: API startup [in /apicode/backend/rest_entry.py:42]
2025-05-13 10:34:57,334 INFO: current_app(): starting the database connection [in /apicode/backend/rest_entry.py:68]
2025-05-13 10:34:57,334 INFO: create_app(): registering blueprints with Flask app object. [in /apicode/backend/rest_entry.py:73]
2025-05-13 10:35:31,884 INFO: GET /prediction handler [in /apicode/backend/simple/simple_routes.py:77]
2025-05-13 10:36:07,269 INFO: API startup [in /apicode/backend/rest_entry.py:42]
2025-05-13 10:36:07,269 INFO: current_app(): starting the database connection [in /apicode/backend/rest_entry.py:68]
2025-05-13 10:36:07,270 INFO: create_app(): registering blueprints with Flask app object. [in /apicode/backend/rest_entry.py:73]
2025-05-13 10:36:16,778 INFO: GET /prediction handler [in /apicode/backend/simple/simple_routes.py:77]
2025-05-13 10:36:16,779 INFO: testing testing testing [in /apicode/backend/simple/simple_routes.py:89]
2025-05-13 10:37:53,676 INFO: API startup [in /apicode/backend/rest_entry.py:42]
2025-05-13 10:37:53,677 INFO: current_app(): starting the database connection [in /apicode/backend/rest_entry.py:68]
2025-05-13 10:37:53,677 INFO: create_app(): registering blueprints with Flask app object. [in /apicode/backend/rest_entry.py:73]
2025-05-13 10:39:16,825 INFO: API startup [in /apicode/backend/rest_entry.py:42]
2025-05-13 10:39:16,826 INFO: current_app(): starting the database connection [in /apicode/backend/rest_entry.py:68]
2025-05-13 10:39:16,827 INFO: create_app(): registering blueprints with Flask app object. [in /apicode/backend/rest_entry.py:73]
2025-05-13 10:39:39,270 INFO: API startup [in /apicode/backend/rest_entry.py:42]
2025-05-13 10:39:39,271 INFO: current_app(): starting the database connection [in /apicode/backend/rest_entry.py:68]
2025-05-13 10:39:39,272 INFO: create_app(): registering blueprints with Flask app object. [in /apicode/backend/rest_entry.py:73]
2025-05-13 10:39:43,978 INFO: GET /prediction handler [in /apicode/backend/simple/simple_routes.py:77]
2025-05-13 10:39:43,979 INFO: testing testing testing [in /apicode/backend/simple/simple_routes.py:89]
2025-05-13 10:39:43,985 INFO: testing 2 testing 2 testing 2 [in /apicode/backend/ml_models/model01.py:34]
2025-05-13 10:40:49,241 INFO: API startup [in /apicode/backend/rest_entry.py:42]
2025-05-13 10:40:49,242 INFO: current_app(): starting the database connection [in /apicode/backend/rest_entry.py:68]
2025-05-13 10:40:49,242 INFO: create_app(): registering blueprints with Flask app object. [in /apicode/backend/rest_entry.py:73]
2025-05-13 10:45:19,511 INFO: API startup [in /apicode/backend/rest_entry.py:42]
2025-05-13 10:45:19,512 INFO: current_app(): starting the database connection [in /apicode/backend/rest_entry.py:68]
2025-05-13 10:45:19,512 INFO: create_app(): registering blueprints with Flask app object. [in /apicode/backend/rest_entry.py:73]
2025-05-13 10:45:23,491 INFO: GET /prediction handler [in /apicode/backend/simple/simple_routes.py:77]
2025-05-13 10:45:23,494 INFO: params = [0.25, 0.45, 0.67] [in /apicode/backend/ml_models/model01.py:35]
2025-05-13 10:46:08,250 INFO: API startup [in /apicode/backend/rest_entry.py:42]
2025-05-13 10:46:08,251 INFO: current_app(): starting the database connection [in /apicode/backend/rest_entry.py:68]
2025-05-13 10:46:08,251 INFO: create_app(): registering blueprints with Flask app object. [in /apicode/backend/rest_entry.py:73]
2025-05-13 10:46:12,518 INFO: GET /prediction handler [in /apicode/backend/simple/simple_routes.py:77]
2025-05-13 10:46:12,523 INFO: params = [0.25, 0.45, 0.67] [in /apicode/backend/ml_models/model01.py:35]
2025-05-13 10:46:12,524 INFO: params array = [0.25 0.45 0.67] [in /apicode/backend/ml_models/model01.py:40]
2025-05-13 10:46:12,524 INFO: prediction value returned is 3.16 [in /apicode/backend/simple/simple_routes.py:93]
2025-05-13 10:46:24,600 INFO: API startup [in /apicode/backend/rest_entry.py:42]
2025-05-13 10:46:24,601 INFO: current_app(): starting the database connection [in /apicode/backend/rest_entry.py:68]
2025-05-13 10:46:24,601 INFO: create_app(): registering blueprints with Flask app object. [in /apicode/backend/rest_entry.py:73]
2025-05-13 10:46:28,383 INFO: GET /prediction handler [in /apicode/backend/simple/simple_routes.py:77]
2025-05-13 10:46:28,387 INFO: params = [0.25, 0.45, 0.67] [in /apicode/backend/ml_models/model01.py:35]
2025-05-13 10:46:28,388 INFO: params array = [0.25 0.45 0.67] [in /apicode/backend/ml_models/model01.py:40]
2025-05-13 10:46:28,388 INFO: prediction value returned is 2.04 [in /apicode/backend/simple/simple_routes.py:93]
2025-05-13 10:46:32,823 INFO: GET /prediction handler [in /apicode/backend/simple/simple_routes.py:77]
2025-05-13 10:46:32,827 INFO: params = [0.25, 0.45, 0.67] [in /apicode/backend/ml_models/model01.py:35]
2025-05-13 10:46:32,830 INFO: params array = [0.25 0.45 0.67] [in /apicode/backend/ml_models/model01.py:40]
2025-05-13 10:46:32,830 INFO: prediction value returned is 6.73 [in /apicode/backend/simple/simple_routes.py:93]
2025-05-13 10:46:36,015 INFO: GET /prediction handler [in /apicode/backend/simple/simple_routes.py:77]
2025-05-13 10:46:36,019 INFO: params = [0.25, 0.45, 0.67] [in /apicode/backend/ml_models/model01.py:35]
2025-05-13 10:46:36,021 INFO: params array = [0.25 0.45 0.67] [in /apicode/backend/ml_models/model01.py:40]
2025-05-13 10:46:36,023 INFO: prediction value returned is 9.43 [in /apicode/backend/simple/simple_routes.py:93]
2025-05-13 10:46:40,712 INFO: GET /prediction handler [in /apicode/backend/simple/simple_routes.py:77]
2025-05-13 10:46:40,713 INFO: params = [0.25, 0.45, 0.67] [in /apicode/backend/ml_models/model01.py:35]
2025-05-13 10:46:40,714 INFO: params array = [0.25 0.45 0.67] [in /apicode/backend/ml_models/model01.py:40]
2025-05-13 10:46:40,714 INFO: prediction value returned is 16.63 [in /apicode/backend/simple/simple_routes.py:93]
2025-05-13 10:49:16,929 INFO: API startup [in /apicode/backend/rest_entry.py:42]
2025-05-13 10:49:16,930 INFO: current_app(): starting the database connection [in /apicode/backend/rest_entry.py:68]
2025-05-13 10:49:16,930 INFO: create_app(): registering blueprints with Flask app object. [in /apicode/backend/rest_entry.py:73]
2025-05-13 10:49:25,407 INFO: GET /data handler [in /apicode/backend/simple/simple_routes.py:65]
2025-05-13 10:50:37,037 INFO: GET /data handler [in /apicode/backend/simple/simple_routes.py:65]
